[0.012s] Invoking command in '/home/ruize/dev_ws/build/ros2_env': CMAKE_PREFIX_PATH=${CMAKE_PREFIX_PATH}:/opt/ros/foxy /usr/bin/cmake --build /home/ruize/dev_ws/build/ros2_env -- -j4 -l4
[0.037s] -- Found ament_cmake: 0.9.8 (/opt/ros/foxy/share/ament_cmake/cmake)
[0.053s] -- Using PYTHON_EXECUTABLE: /usr/bin/python3
[0.181s] -- Found rclcpp: 2.3.0 (/opt/ros/foxy/share/rclcpp/cmake)
[0.204s] -- Using all available rosidl_typesupport_c: rosidl_typesupport_fastrtps_c;rosidl_typesupport_introspection_c
[0.207s] -- Found rosidl_adapter: 1.2.0 (/opt/ros/foxy/share/rosidl_adapter/cmake)
[0.304s] -- Using all available rosidl_typesupport_cpp: rosidl_typesupport_fastrtps_cpp;rosidl_typesupport_introspection_cpp
[0.344s] -- Found rmw_implementation_cmake: 1.0.2 (/opt/ros/foxy/share/rmw_implementation_cmake/cmake)
[0.345s] -- Using RMW implementation 'rmw_fastrtps_cpp' as default
[0.454s] -- Found rclpy: 1.0.5 (/opt/ros/foxy/share/rclpy/cmake)
[0.455s] -- Found gazebo_ros: 3.5.0 (/opt/ros/foxy/share/gazebo_ros/cmake)
[0.492s] -- Found DART: /usr/include (Required is at least version "6.6") found components: dart 
[0.515s] -- Found Protobuf: /usr/lib/x86_64-linux-gnu/libprotobuf.so;-lpthread (found version "3.6.1") 
[0.517s] -- Looking for ignition-math6 -- found version 6.8.0
[0.521s] -- Searching for dependencies of ignition-math6
[0.522s] -- Looking for OGRE...
[0.526s] -- Found Ogre Ghadamon (1.9.0)
[0.527s] -- Found OGRE: optimized;/usr/lib/x86_64-linux-gnu/libOgreMain.so;debug;/usr/lib/x86_64-linux-gnu/libOgreMain.so
[0.537s] -- Looking for OGRE_Paging...
[0.538s] -- Found OGRE_Paging: optimized;/usr/lib/x86_64-linux-gnu/libOgrePaging.so;debug;/usr/lib/x86_64-linux-gnu/libOgrePaging.so
[0.538s] -- Looking for OGRE_Terrain...
[0.538s] -- Found OGRE_Terrain: optimized;/usr/lib/x86_64-linux-gnu/libOgreTerrain.so;debug;/usr/lib/x86_64-linux-gnu/libOgreTerrain.so
[0.538s] -- Looking for OGRE_Property...
[0.538s] -- Found OGRE_Property: optimized;/usr/lib/x86_64-linux-gnu/libOgreProperty.so;debug;/usr/lib/x86_64-linux-gnu/libOgreProperty.so
[0.538s] -- Looking for OGRE_RTShaderSystem...
[0.538s] -- Found OGRE_RTShaderSystem: optimized;/usr/lib/x86_64-linux-gnu/libOgreRTShaderSystem.so;debug;/usr/lib/x86_64-linux-gnu/libOgreRTShaderSystem.so
[0.538s] -- Looking for OGRE_Volume...
[0.538s] -- Found OGRE_Volume: optimized;/usr/lib/x86_64-linux-gnu/libOgreVolume.so;debug;/usr/lib/x86_64-linux-gnu/libOgreVolume.so
[0.538s] -- Looking for OGRE_Overlay...
[0.538s] -- Found OGRE_Overlay: optimized;/usr/lib/x86_64-linux-gnu/libOgreOverlay.so;debug;/usr/lib/x86_64-linux-gnu/libOgreOverlay.so
[0.623s] -- Looking for ignition-math6 -- found version 6.8.0
[0.624s] -- Looking for ignition-transport8 -- found version 8.2.0
[0.624s] -- Searching for dependencies of ignition-transport8
[0.644s] -- Found Protobuf: /usr/lib/x86_64-linux-gnu/libprotobuf.so;-lpthread (found suitable version "3.6.1", minimum required is "3") 
[0.657s] -- Config-file not installed for ZeroMQ -- checking for pkg-config
[0.661s] -- Checking for module 'libzmq >= 4'
[0.674s] --   Found libzmq , version 4.3.2
[0.714s] -- Checking for module 'uuid'
[0.728s] --   Found uuid, version 2.34.0
[0.768s] -- Looking for ignition-msgs5 -- found version 5.7.0
[0.768s] -- Searching for dependencies of ignition-msgs5
[0.785s] -- Looking for ignition-math6 -- found version 6.8.0
[0.789s] -- Checking for module 'tinyxml2'
[0.800s] --   Found tinyxml2, version 6.2.0
[0.830s] -- Looking for ignition-msgs5 -- found version 5.7.0
[0.831s] -- Looking for ignition-common3 -- found version 3.11.1
[0.832s] -- Searching for dependencies of ignition-common3
[0.832s] -- Looking for dlfcn.h - found
[0.832s] -- Looking for libdl - found
[0.838s] -- Searching for <ignition-common3> component [graphics]
[0.839s] -- Looking for ignition-common3-graphics -- found version 3.11.1
[0.839s] -- Searching for dependencies of ignition-common3-graphics
[0.840s] -- Looking for ignition-math6 -- found version 6.8.0
[0.841s] -- Looking for ignition-fuel_tools4 -- found version 4.3.0
[0.841s] -- Searching for dependencies of ignition-fuel_tools4
[0.859s] -- Checking for module 'jsoncpp'
[0.870s] --   Found jsoncpp, version 1.7.4
[0.898s] -- Checking for module 'libzip'
[0.911s] --   Found libzip, version 1.5.1
[0.942s] -- Looking for ignition-common3 -- found version 3.11.1
[0.942s] -- Looking for ignition-msgs5 -- found version 5.7.0
[0.943s] -- Gazebo version: 11.3
[0.947s] -- Found gazebo_plugins: 3.5.0 (/opt/ros/foxy/share/gazebo_plugins/cmake)
[1.186s] -- Found ament_lint_auto: 0.9.6 (/opt/ros/foxy/share/ament_lint_auto/cmake)
[1.236s] -- Added test 'copyright' to check source files copyright and LICENSE
[1.240s] -- Added test 'cppcheck' to perform static code analysis on C / C++ code
[1.240s] -- Configured cppcheck include dirs: /home/ruize/dev_ws/src/ros2_env/include
[1.240s] -- Configured cppcheck exclude dirs and/or files: 
[1.242s] -- Added test 'cpplint' to check C / C++ code against the Google style
[1.242s] -- Configured cpplint exclude dirs and/or files: 
[1.243s] -- Added test 'flake8' to check Python code syntax and style conventions
[1.243s] -- Added test 'lint_cmake' to check CMake code style
[1.244s] -- Added test 'pep257' to check Python code against some of the style conventions in PEP 257
[1.248s] -- Added test 'uncrustify' to check C / C++ code style
[1.248s] -- Configured uncrustify additional arguments: 
[1.249s] -- Added test 'xmllint' to check XML markup files
[1.251s] -- Configuring done
[1.273s] -- Generating done
[1.275s] -- Build files have been written to: /home/ruize/dev_ws/build/ros2_env
[1.296s] [35m[1mScanning dependencies of target WavefieldModelPlugin[0m
[1.380s] [ 50%] [32mBuilding CXX object CMakeFiles/WavefieldModelPlugin.dir/plugins/WavefieldModelPlugin.cc.o[0m
[2.201s] [01m[K/home/ruize/dev_ws/src/ros2_env/plugins/WavefieldModelPlugin.cc:27:10:[m[K [01;31m[Kfatal error: [m[Kros2_env/WavefieldModelPlugin.hh: No such file or directory
[2.201s]    27 | #include [01;31m[K"ros2_env/WavefieldModelPlugin.hh"[m[K
[2.201s]       |          [01;31m[K^~~~~~~~~~~~~~~~~~~~~~~~~~~~~~~~~~[m[K
[2.202s] compilation terminated.
[2.209s] make[2]: *** [CMakeFiles/WavefieldModelPlugin.dir/build.make:63: CMakeFiles/WavefieldModelPlugin.dir/plugins/WavefieldModelPlugin.cc.o] Error 1
[2.209s] make[1]: *** [CMakeFiles/Makefile2:78: CMakeFiles/WavefieldModelPlugin.dir/all] Error 2
[2.210s] make: *** [Makefile:141: all] Error 2
[2.211s] Invoked command in '/home/ruize/dev_ws/build/ros2_env' returned '2': CMAKE_PREFIX_PATH=${CMAKE_PREFIX_PATH}:/opt/ros/foxy /usr/bin/cmake --build /home/ruize/dev_ws/build/ros2_env -- -j4 -l4
